SF:lib/routes/route_path.dart
DA:9,3
DA:13,3
LF:2
LH:2
end_of_record
SF:lib/routes/router_delegate.dart
DA:7,6
DA:12,4
DA:14,1
DA:15,2
DA:16,2
DA:27,2
DA:29,1
DA:31,1
DA:32,1
DA:33,2
DA:34,0
DA:35,0
DA:38,0
DA:44,1
DA:47,2
DA:48,4
DA:49,2
DA:50,2
DA:51,2
DA:54,2
DA:57,2
DA:58,4
DA:59,4
DA:60,2
DA:65,1
DA:66,1
DA:67,1
LF:27
LH:24
end_of_record
SF:lib/common/widgets/base_button.dart
DA:9,3
DA:17,3
DA:19,3
DA:21,3
DA:22,3
DA:23,3
DA:24,3
DA:25,3
DA:29,3
DA:30,3
DA:33,3
DA:34,3
DA:35,3
DA:36,3
LF:14
LH:14
end_of_record
SF:lib/constants/images.dart
DA:2,6
DA:8,2
DA:9,2
LF:3
LH:3
end_of_record
SF:lib/constants/texts.dart
DA:2,6
DA:9,2
DA:20,2
DA:21,2
DA:22,2
DA:26,2
DA:31,2
DA:36,2
DA:41,2
DA:46,2
DA:49,8
DA:50,2
LF:12
LH:12
end_of_record
SF:lib/scenes/riverpod_use_example/riverpod_example_view.dart
DA:9,7
DA:12,1
DA:17,2
DA:19,1
DA:20,1
DA:25,1
DA:26,1
DA:28,1
DA:29,1
DA:30,1
DA:32,1
DA:33,0
DA:34,0
DA:35,0
DA:43,1
DA:44,5
LF:16
LH:13
end_of_record
SF:lib/scenes/routing_demo/another_page_view.dart
DA:5,6
DA:7,1
DA:9,1
DA:10,1
DA:13,1
DA:14,1
DA:15,3
LF:7
LH:7
end_of_record
SF:lib/scenes/app_launch/views/splash_page_view.dart
DA:9,7
DA:11,2
DA:12,2
DA:16,2
DA:18,4
DA:19,6
DA:20,6
DA:22,2
DA:23,2
DA:24,2
DA:26,2
DA:29,2
DA:30,2
DA:34,1
DA:35,3
LF:15
LH:15
end_of_record
SF:lib/routes/router_info_parser.dart
DA:5,2
DA:9,4
DA:10,2
DA:11,1
DA:13,1
DA:17,1
DA:19,1
DA:20,1
LF:8
LH:8
end_of_record
SF:lib/scenes/app_launch/widgets/intro_slides.dart
DA:10,6
DA:14,2
DA:15,2
DA:22,2
DA:24,4
DA:25,6
DA:26,6
DA:28,2
DA:29,2
DA:30,2
DA:31,2
DA:32,2
DA:33,0
DA:34,0
DA:35,0
DA:39,2
DA:42,2
DA:43,2
DA:45,2
DA:47,2
DA:48,2
DA:49,2
DA:50,2
DA:55,2
DA:56,2
DA:57,2
DA:64,2
DA:66,2
DA:67,2
DA:68,2
DA:79,2
DA:90,2
DA:91,2
DA:97,2
DA:99,2
DA:100,4
DA:103,2
DA:105,4
DA:106,2
DA:109,2
DA:110,2
DA:112,0
DA:113,0
DA:115,0
DA:124,2
DA:125,6
DA:126,2
DA:127,4
DA:128,2
DA:130,2
DA:131,2
DA:132,4
DA:137,2
DA:145,2
DA:148,2
DA:150,2
DA:151,4
DA:153,2
DA:154,0
DA:155,0
DA:157,0
DA:158,0
DA:159,0
DA:162,2
DA:163,4
DA:165,4
DA:166,2
DA:167,4
DA:168,2
DA:169,2
DA:170,2
DA:171,2
DA:173,2
DA:175,2
DA:177,2
DA:193,2
DA:199,2
DA:201,4
DA:202,2
DA:203,2
DA:204,6
DA:206,2
DA:208,2
DA:211,2
DA:212,2
DA:213,2
DA:215,2
DA:219,2
DA:220,2
DA:222,2
DA:236,2
DA:245,2
DA:247,4
DA:249,2
DA:250,2
DA:251,2
DA:253,0
DA:254,0
DA:255,0
DA:256,0
DA:258,0
LF:101
LH:85
end_of_record
SF:lib/scenes/riverpod_use_example/riverpod_example_view_model.dart
DA:4,2
DA:6,3
DA:9,2
DA:10,2
DA:11,1
LF:5
LH:5
end_of_record
